<?xml version="1.0" encoding="UTF-8"?>
<!-- Generated by org.testng.reporters.JUnitXMLReporter -->
<testsuite ignored="0" hostname="DESKTOP-M3S1386" failures="0" tests="2" name="HighPTest" time="10.357" errors="0" timestamp="2023-03-08T15:24:33 IST">
  <testcase classname="projectFolder.TC01_verify_LoginFunctionality" name="verifyloginFunctionality" time="5.673"/>
  <testcase classname="projectFolder.TC02_verifyLogOutFunctionality" name="verifyLogOutFunctionality" time="4.63"/>
</testsuite> <!-- HighPTest -->
