<?xml version="1.0" encoding="UTF-8"?>
<!-- Generated by org.testng.reporters.JUnitXMLReporter -->
<testsuite ignored="0" hostname="DESKTOP-M3S1386" failures="0" tests="2" name="HighPTest" time="10.435" errors="0" timestamp="2023-03-08T15:33:25 IST">
  <testcase classname="projectFolder.TC01_verify_LoginFunctionality" name="verifyloginFunctionality" time="5.526"/>
  <testcase classname="projectFolder.TC02_verifyLogOutFunctionality" name="verifyLogOutFunctionality" time="4.843"/>
</testsuite> <!-- HighPTest -->
